<?xml version="1.0" encoding="UTF-8"?>
<testng-results skipped="0" failed="0" ignored="0" total="1" passed="1">
  <reporter-output>
  </reporter-output>
  <suite name="Default suite" duration-ms="38465" started-at="2020-05-18T16:33:59Z" finished-at="2020-05-18T16:34:38Z">
    <groups>
    </groups>
    <test name="Default test" duration-ms="38465" started-at="2020-05-18T16:33:59Z" finished-at="2020-05-18T16:34:38Z">
      <class name="com.company.Name.PackageName.TestLogin">
        <test-method status="PASS" signature="test()[pri:0, instance:com.company.Name.PackageName.TestLogin@d80b78]" name="test" duration-ms="38356" started-at="2020-05-18T16:33:59Z" finished-at="2020-05-18T16:34:38Z">
          <reporter-output>
          </reporter-output>
        </test-method> <!-- test -->
      </class> <!-- com.company.Name.PackageName.TestLogin -->
    </test> <!-- Default test -->
  </suite> <!-- Default suite -->
</testng-results>
